build/outputs/apk/manifest-merger-debug-report.txt
-- Merging decision tree log ---
manifest
ADDED from AndroidManifest.xml:2:1
	xmlns:android
		ADDED from AndroidManifest.xml:2:11
	package
		ADDED from AndroidManifest.xml:3:11
		INJECTED from AndroidManifest.xml:0:0
		INJECTED from AndroidManifest.xml:0:0
	android:versionName
		ADDED from AndroidManifest.xml:5:5
		INJECTED from AndroidManifest.xml:0:0
		INJECTED from AndroidManifest.xml:0:0
	android:versionCode
		ADDED from AndroidManifest.xml:4:5
		INJECTED from AndroidManifest.xml:0:0
		INJECTED from AndroidManifest.xml:0:0
uses-feature#0x00020000
ADDED from AndroidManifest.xml:7:5
	android:required
		ADDED from AndroidManifest.xml:9:13
	android:glEsVersion
		ADDED from AndroidManifest.xml:8:13
uses-permission#android.permission.INTERNET
ADDED from AndroidManifest.xml:11:5
	android:name
		ADDED from AndroidManifest.xml:11:22
uses-permission#android.permission.ACCESS_NETWORK_STATE
ADDED from AndroidManifest.xml:12:5
	android:name
		ADDED from AndroidManifest.xml:12:22
uses-permission#android.permission.WRITE_EXTERNAL_STORAGE
ADDED from AndroidManifest.xml:13:5
	android:name
		ADDED from AndroidManifest.xml:13:22
uses-permission#android.permission.ACCESS_FINE_LOCATION
ADDED from AndroidManifest.xml:14:5
	android:name
		ADDED from AndroidManifest.xml:14:22
uses-permission#android.permission.NFC
ADDED from AndroidManifest.xml:15:5
	android:name
		ADDED from AndroidManifest.xml:15:22
uses-permission#android.permission.VIBRATE
ADDED from AndroidManifest.xml:16:5
	android:name
		ADDED from AndroidManifest.xml:16:22
application
ADDED from AndroidManifest.xml:19:5
MERGED from com.android.support:support-v4:21.0.0:16:5
MERGED from com.android.support:support-v4:21.0.0:16:5
MERGED from com.android.support:support-v4:21.0.0:16:5
	android:label
		ADDED from AndroidManifest.xml:20:13
	android:allowBackup
		ADDED from AndroidManifest.xml:24:13
	android:icon
		ADDED from AndroidManifest.xml:21:13
	android:theme
		ADDED from AndroidManifest.xml:22:13
	android:largeHeap
		ADDED from AndroidManifest.xml:23:13
	android:name
		ADDED from AndroidManifest.xml:25:13
meta-data#com.crashlytics.ApiKey
ADDED from AndroidManifest.xml:27:9
	android:name
		ADDED from AndroidManifest.xml:27:20
	android:value
		ADDED from AndroidManifest.xml:28:20
activity#org.qii.weiciyuan.ui.login.AccountActivity
ADDED from AndroidManifest.xml:31:9
	android:uiOptions
		ADDED from AndroidManifest.xml:33:17
	android:name
		ADDED from AndroidManifest.xml:32:17
intent-filter#android.intent.action.MAIN+android.intent.category.LAUNCHER
ADDED from AndroidManifest.xml:34:13
action#android.intent.action.MAIN
ADDED from AndroidManifest.xml:35:17
	android:name
		ADDED from AndroidManifest.xml:35:25
category#android.intent.category.LAUNCHER
ADDED from AndroidManifest.xml:36:17
	android:name
		ADDED from AndroidManifest.xml:36:27
activity#org.qii.weiciyuan.ui.login.OAuthActivity
ADDED from AndroidManifest.xml:42:9
	android:name
		ADDED from AndroidManifest.xml:42:19
activity#org.qii.weiciyuan.ui.login.SSOActivity
ADDED from AndroidManifest.xml:43:9
	android:name
		ADDED from AndroidManifest.xml:43:19
activity#org.qii.weiciyuan.ui.main.MainTimeLineActivity
ADDED from AndroidManifest.xml:46:9
	android:name
		ADDED from AndroidManifest.xml:47:17
	android:launchMode
		ADDED from AndroidManifest.xml:48:17
activity#org.qii.weiciyuan.ui.send.WriteWeiboActivity
ADDED from AndroidManifest.xml:51:9
	android:windowSoftInputMode
		ADDED from AndroidManifest.xml:54:17
	android:name
		ADDED from AndroidManifest.xml:52:17
	android:launchMode
		ADDED from AndroidManifest.xml:53:17
intent-filter#android.intent.action.SEND+android.intent.category.DEFAULT
ADDED from AndroidManifest.xml:55:13
action#android.intent.action.SEND
ADDED from AndroidManifest.xml:56:17
	android:name
		ADDED from AndroidManifest.xml:56:25
category#android.intent.category.DEFAULT
ADDED from AndroidManifest.xml:57:17
	android:name
		ADDED from AndroidManifest.xml:57:27
data
ADDED from AndroidManifest.xml:58:17
	android:mimeType
		ADDED from AndroidManifest.xml:58:23
	android:scheme
		INJECTED from AndroidManifest.xml:0:0
		INJECTED from AndroidManifest.xml:0:0
activity#org.qii.weiciyuan.ui.send.WriteRepostActivity
ADDED from AndroidManifest.xml:67:9
	android:windowSoftInputMode
		ADDED from AndroidManifest.xml:69:17
	android:name
		ADDED from AndroidManifest.xml:68:17
activity#org.qii.weiciyuan.ui.send.WriteCommentActivity
ADDED from AndroidManifest.xml:70:9
	android:windowSoftInputMode
		ADDED from AndroidManifest.xml:72:17
	android:name
		ADDED from AndroidManifest.xml:71:17
activity#org.qii.weiciyuan.ui.send.WriteReplyToCommentActivity
ADDED from AndroidManifest.xml:73:9
	android:windowSoftInputMode
		ADDED from AndroidManifest.xml:75:17
	android:name
		ADDED from AndroidManifest.xml:74:17
activity#org.qii.weiciyuan.ui.browser.BrowserWeiboMsgActivity
ADDED from AndroidManifest.xml:78:9
	android:label
		ADDED from AndroidManifest.xml:83:17
	android:uiOptions
		ADDED from AndroidManifest.xml:81:17
	android:theme
		ADDED from AndroidManifest.xml:80:17
	android:exported
		ADDED from AndroidManifest.xml:82:17
	android:name
		ADDED from AndroidManifest.xml:79:17
activity#org.qii.weiciyuan.ui.browser.BrowserCommentActivity
ADDED from AndroidManifest.xml:84:9
	android:label
		ADDED from AndroidManifest.xml:86:17
	android:name
		ADDED from AndroidManifest.xml:85:17
activity#org.qii.weiciyuan.support.gallery.GalleryActivity
ADDED from AndroidManifest.xml:87:9
	android:theme
		ADDED from AndroidManifest.xml:89:17
	android:name
		ADDED from AndroidManifest.xml:88:17
	android:launchMode
		ADDED from AndroidManifest.xml:90:17
activity#org.qii.weiciyuan.support.gallery.GalleryAnimationActivity
ADDED from AndroidManifest.xml:91:9
	android:configChanges
		ADDED from AndroidManifest.xml:94:17
	android:theme
		ADDED from AndroidManifest.xml:93:17
	android:name
		ADDED from AndroidManifest.xml:92:17
	android:launchMode
		ADDED from AndroidManifest.xml:95:17
activity#org.qii.weiciyuan.ui.browser.BrowserWriteWeiboLocalPicActivity
ADDED from AndroidManifest.xml:96:9
	android:uiOptions
		ADDED from AndroidManifest.xml:98:17
	android:name
		ADDED from AndroidManifest.xml:97:17
	android:launchMode
		ADDED from AndroidManifest.xml:99:17
activity#org.qii.weiciyuan.ui.browser.BrowserWebActivity
ADDED from AndroidManifest.xml:100:9
	android:uiOptions
		ADDED from AndroidManifest.xml:102:17
	android:name
		ADDED from AndroidManifest.xml:101:17
	android:launchMode
		ADDED from AndroidManifest.xml:103:17
intent-filter#android.intent.action.VIEW+android.intent.category.DEFAULT
ADDED from AndroidManifest.xml:104:13
action#android.intent.action.VIEW
ADDED from AndroidManifest.xml:105:17
	android:name
		ADDED from AndroidManifest.xml:105:25
activity#org.qii.weiciyuan.ui.browser.BrowserShareTimeLineActivity
ADDED from AndroidManifest.xml:129:9
	android:name
		ADDED from AndroidManifest.xml:129:19
activity#org.qii.weiciyuan.ui.browser.AppMapActivity
ADDED from AndroidManifest.xml:130:9
	android:name
		ADDED from AndroidManifest.xml:131:17
	android:launchMode
		ADDED from AndroidManifest.xml:132:17
activity#org.qii.weiciyuan.ui.topic.SearchTopicByNameActivity
ADDED from AndroidManifest.xml:136:9
	android:label
		ADDED from AndroidManifest.xml:138:17
	android:uiOptions
		ADDED from AndroidManifest.xml:139:17
	android:name
		ADDED from AndroidManifest.xml:137:17
activity#org.qii.weiciyuan.ui.topic.UserTopicListActivity
ADDED from AndroidManifest.xml:146:9
	android:name
		ADDED from AndroidManifest.xml:146:19
activity#org.qii.weiciyuan.ui.userinfo.UserInfoActivity
ADDED from AndroidManifest.xml:149:9
	android:theme
		ADDED from AndroidManifest.xml:151:17
	android:name
		ADDED from AndroidManifest.xml:150:17
intent-filter#android.intent.category.DEFAULT+android.nfc.action.NDEF_DISCOVERED
ADDED from AndroidManifest.xml:157:13
action#android.nfc.action.NDEF_DISCOVERED
ADDED from AndroidManifest.xml:158:17
	android:name
		ADDED from AndroidManifest.xml:158:25
activity#org.qii.weiciyuan.ui.userinfo.UserTimeLineActivity
ADDED from AndroidManifest.xml:163:9
	android:name
		ADDED from AndroidManifest.xml:163:19
activity#org.qii.weiciyuan.ui.userinfo.MyInfoActivity
ADDED from AndroidManifest.xml:164:9
	android:theme
		ADDED from AndroidManifest.xml:166:17
	android:name
		ADDED from AndroidManifest.xml:165:17
	android:launchMode
		ADDED from AndroidManifest.xml:167:17
activity#org.qii.weiciyuan.ui.userinfo.EditMyProfileActivity
ADDED from AndroidManifest.xml:168:9
	android:name
		ADDED from AndroidManifest.xml:169:17
	android:launchMode
		ADDED from AndroidManifest.xml:170:17
activity#org.qii.weiciyuan.ui.userinfo.FriendListActivity
ADDED from AndroidManifest.xml:171:9
	android:name
		ADDED from AndroidManifest.xml:172:17
	android:launchMode
		ADDED from AndroidManifest.xml:173:17
activity#org.qii.weiciyuan.ui.userinfo.FanListActivity
ADDED from AndroidManifest.xml:174:9
	android:name
		ADDED from AndroidManifest.xml:175:17
	android:launchMode
		ADDED from AndroidManifest.xml:176:17
activity#org.qii.weiciyuan.ui.userinfo.MyFavActivity
ADDED from AndroidManifest.xml:177:9
	android:name
		ADDED from AndroidManifest.xml:178:17
	android:launchMode
		ADDED from AndroidManifest.xml:179:17
activity#org.qii.weiciyuan.ui.search.SearchMainActivity
ADDED from AndroidManifest.xml:183:9
	android:name
		ADDED from AndroidManifest.xml:184:17
	android:launchMode
		ADDED from AndroidManifest.xml:185:17
intent-filter#android.intent.action.SEARCH
ADDED from AndroidManifest.xml:186:13
action#android.intent.action.SEARCH
ADDED from AndroidManifest.xml:187:17
	android:name
		ADDED from AndroidManifest.xml:187:25
meta-data#android.app.searchable
ADDED from AndroidManifest.xml:189:13
	android:resource
		ADDED from AndroidManifest.xml:191:21
	android:name
		ADDED from AndroidManifest.xml:190:21
activity#org.qii.weiciyuan.ui.search.AtUserActivity
ADDED from AndroidManifest.xml:193:9
	android:name
		ADDED from AndroidManifest.xml:193:19
activity#org.qii.weiciyuan.ui.friendgroup.ManageGroupActivity
ADDED from AndroidManifest.xml:196:9
	android:name
		ADDED from AndroidManifest.xml:196:19
activity#org.qii.weiciyuan.ui.nearby.NearbyTimeLineActivity
ADDED from AndroidManifest.xml:199:9
	android:name
		ADDED from AndroidManifest.xml:199:19
activity#org.qii.weiciyuan.ui.preference.SettingActivity
ADDED from AndroidManifest.xml:202:9
	android:name
		ADDED from AndroidManifest.xml:202:19
activity#org.qii.weiciyuan.ui.preference.ControlActivity
ADDED from AndroidManifest.xml:204:9
	android:name
		ADDED from AndroidManifest.xml:204:19
intent-filter#android.intent.action.MANAGE_NETWORK_USAGE+android.intent.category.DEFAULT
ADDED from AndroidManifest.xml:205:13
action#android.intent.action.MANAGE_NETWORK_USAGE
ADDED from AndroidManifest.xml:206:17
	android:name
		ADDED from AndroidManifest.xml:206:25
activity#org.qii.weiciyuan.ui.preference.NotificationActivity
ADDED from AndroidManifest.xml:210:9
	android:name
		ADDED from AndroidManifest.xml:210:19
activity#org.qii.weiciyuan.ui.preference.DraftActivity
ADDED from AndroidManifest.xml:211:9
	android:uiOptions
		ADDED from AndroidManifest.xml:213:17
	android:name
		ADDED from AndroidManifest.xml:212:17
activity#org.qii.weiciyuan.ui.preference.FilterActivity
ADDED from AndroidManifest.xml:214:9
	android:uiOptions
		ADDED from AndroidManifest.xml:216:17
	android:name
		ADDED from AndroidManifest.xml:215:17
activity#org.qii.weiciyuan.ui.preference.AppearanceActivity
ADDED from AndroidManifest.xml:217:9
	android:uiOptions
		ADDED from AndroidManifest.xml:219:17
	android:name
		ADDED from AndroidManifest.xml:218:17
activity#org.qii.weiciyuan.ui.preference.ReadActivity
ADDED from AndroidManifest.xml:220:9
	android:name
		ADDED from AndroidManifest.xml:220:19
activity#org.qii.weiciyuan.ui.preference.PerformanceActivity
ADDED from AndroidManifest.xml:221:9
	android:name
		ADDED from AndroidManifest.xml:221:19
activity#org.qii.weiciyuan.ui.preference.OtherActivity
ADDED from AndroidManifest.xml:222:9
	android:name
		ADDED from AndroidManifest.xml:222:19
activity#org.qii.weiciyuan.ui.preference.AboutActivity
ADDED from AndroidManifest.xml:223:9
	android:name
		ADDED from AndroidManifest.xml:223:19
activity#org.qii.weiciyuan.ui.preference.LicenseActivity
ADDED from AndroidManifest.xml:224:9
	android:theme
		ADDED from AndroidManifest.xml:226:17
	android:name
		ADDED from AndroidManifest.xml:225:17
service#org.qii.weiciyuan.othercomponent.FetchNewMsgService
ADDED from AndroidManifest.xml:230:9
	android:name
		ADDED from AndroidManifest.xml:230:18
service#org.qii.weiciyuan.othercomponent.sendweiboservice.SendWeiboService
ADDED from AndroidManifest.xml:231:9
	android:name
		ADDED from AndroidManifest.xml:231:18
service#org.qii.weiciyuan.othercomponent.sendweiboservice.SendRepostService
ADDED from AndroidManifest.xml:232:9
	android:name
		ADDED from AndroidManifest.xml:232:18
service#org.qii.weiciyuan.othercomponent.sendweiboservice.SendCommentService
ADDED from AndroidManifest.xml:233:9
	android:name
		ADDED from AndroidManifest.xml:233:18
service#org.qii.weiciyuan.othercomponent.sendweiboservice.SendReplyToCommentService
ADDED from AndroidManifest.xml:234:9
	android:name
		ADDED from AndroidManifest.xml:234:18
service#org.qii.weiciyuan.othercomponent.unreadnotification.JBMentionsWeiboNotificationServiceHelper
ADDED from AndroidManifest.xml:236:9
	android:name
		ADDED from AndroidManifest.xml:237:17
service#org.qii.weiciyuan.othercomponent.unreadnotification.JBMentionsCommentNotificationServiceHelper
ADDED from AndroidManifest.xml:238:9
	android:name
		ADDED from AndroidManifest.xml:239:17
service#org.qii.weiciyuan.othercomponent.unreadnotification.JBCommentsToMeNotificationServiceHelper
ADDED from AndroidManifest.xml:240:9
	android:name
		ADDED from AndroidManifest.xml:241:17
service#org.qii.weiciyuan.othercomponent.unreadnotification.BigTextNotificationService
ADDED from AndroidManifest.xml:242:9
	android:name
		ADDED from AndroidManifest.xml:242:18
service#org.qii.weiciyuan.othercomponent.unreadnotification.SimpleTextNotificationService
ADDED from AndroidManifest.xml:243:9
	android:name
		ADDED from AndroidManifest.xml:243:18
receiver#org.qii.weiciyuan.othercomponent.ConnectionChangeReceiver
ADDED from AndroidManifest.xml:253:9
	android:label
		ADDED from AndroidManifest.xml:255:17
	android:name
		ADDED from AndroidManifest.xml:254:17
intent-filter#android.net.conn.CONNECTIVITY_CHANGE
ADDED from AndroidManifest.xml:256:13
action#android.net.conn.CONNECTIVITY_CHANGE
ADDED from AndroidManifest.xml:257:17
	android:name
		ADDED from AndroidManifest.xml:257:25
provider#org.qii.weiciyuan.ui.search.SearchSuggestionProvider
ADDED from AndroidManifest.xml:262:9
	android:exported
		ADDED from AndroidManifest.xml:263:17
	android:authorities
		ADDED from AndroidManifest.xml:265:17
		INJECTED from AndroidManifest.xml:0:0
	android:name
		ADDED from AndroidManifest.xml:264:17
activity#org.qii.weiciyuan.ui.blackmagic.BlackMagicActivity
ADDED from AndroidManifest.xml:268:9
	android:name
		ADDED from AndroidManifest.xml:268:19
activity#org.qii.weiciyuan.ui.dm.DMActivity
ADDED from AndroidManifest.xml:271:9
	android:name
		ADDED from AndroidManifest.xml:271:19
activity#org.qii.weiciyuan.ui.dm.DMUserListActivity
ADDED from AndroidManifest.xml:272:9
	android:name
		ADDED from AndroidManifest.xml:272:19
activity#org.qii.weiciyuan.ui.dm.DMSelectUserActivity
ADDED from AndroidManifest.xml:273:9
	android:name
		ADDED from AndroidManifest.xml:273:19
uses-sdk
INJECTED from AndroidManifest.xml:0:0 reason: use-sdk injection requested
MERGED from com.android.support:support-v4:21.0.0:15:5
MERGED from weiciyuan.libs:slidingmenulibrary:unspecified:7:5
MERGED from com.android.support:support-v4:21.0.0:15:5
MERGED from weiciyuan.libs:showcaseviewlibrary:unspecified:7:5
MERGED from com.android.support:support-v4:21.0.0:15:5
	android:targetSdkVersion
		INJECTED from AndroidManifest.xml:0:0
		INJECTED from AndroidManifest.xml:0:0
	android:minSdkVersion
		INJECTED from AndroidManifest.xml:0:0
		INJECTED from AndroidManifest.xml:0:0